<?xml version="1.0" encoding="UTF-8"?>
<Events>
  <Event xmlns="http://schemas.microsoft.com/win/2004/08/events/event">
    <System>
      <Provider Name="Microsoft-Windows-Security-Auditing" />
      <EventID>4625</EventID>
      <Version>1</Version>
      <Level>0</Level>
      <Task>0</Task>
      <Opcode>0</Opcode>
      <Keywords>0x8020000000000000</Keywords>
      <TimeCreated SystemTime="2026-06-14T02:10:25.0000000Z" />
      <EventRecordID>1001</EventRecordID>
      <Correlation />
      <Execution ProcessID="4" ThreadID="8" />
      <Channel>Security</Channel>
      <Computer>WKSTN-07</Computer>
      <Security />
    </System>
    <EventData>
    <Data Name="SubjectUserSid">S-1-0-0</Data>
    <Data Name="SubjectUserName">-</Data>
    <Data Name="SubjectDomainName">-</Data>
    <Data Name="TargetUserName">jsmith</Data>
    <Data Name="TargetDomainName">CORP</Data>
    <Data Name="Status">0xC000006D</Data>
    <Data Name="FailureReason">%%2313</Data>
    <Data Name="LogonType">3</Data>
    <Data Name="IpAddress">203.0.113.77</Data>
    <Data Name="IpPort">51422</Data>
    </EventData>
  </Event>
  <Event xmlns="http://schemas.microsoft.com/win/2004/08/events/event">
    <System>
      <Provider Name="Microsoft-Windows-Security-Auditing" />
      <EventID>4625</EventID>
      <Version>1</Version>
      <Level>0</Level>
      <Task>0</Task>
      <Opcode>0</Opcode>
      <Keywords>0x8020000000000000</Keywords>
      <TimeCreated SystemTime="2026-06-14T02:10:50.0000000Z" />
      <EventRecordID>1002</EventRecordID>
      <Correlation />
      <Execution ProcessID="4" ThreadID="8" />
      <Channel>Security</Channel>
      <Computer>WKSTN-07</Computer>
      <Security />
    </System>
    <EventData>
    <Data Name="SubjectUserSid">S-1-0-0</Data>
    <Data Name="SubjectUserName">-</Data>
    <Data Name="SubjectDomainName">-</Data>
    <Data Name="TargetUserName">jsmith</Data>
    <Data Name="TargetDomainName">CORP</Data>
    <Data Name="Status">0xC000006D</Data>
    <Data Name="FailureReason">%%2313</Data>
    <Data Name="LogonType">3</Data>
    <Data Name="IpAddress">203.0.113.77</Data>
    <Data Name="IpPort">51422</Data>
    </EventData>
  </Event>
  <Event xmlns="http://schemas.microsoft.com/win/2004/08/events/event">
    <System>
      <Provider Name="Microsoft-Windows-Security-Auditing" />
      <EventID>4625</EventID>
      <Version>1</Version>
      <Level>0</Level>
      <Task>0</Task>
      <Opcode>0</Opcode>
      <Keywords>0x8020000000000000</Keywords>
      <TimeCreated SystemTime="2026-06-14T02:11:15.0000000Z" />
      <EventRecordID>1003</EventRecordID>
      <Correlation />
      <Execution ProcessID="4" ThreadID="8" />
      <Channel>Security</Channel>
      <Computer>WKSTN-07</Computer>
      <Security />
    </System>
    <EventData>
    <Data Name="SubjectUserSid">S-1-0-0</Data>
    <Data Name="SubjectUserName">-</Data>
    <Data Name="SubjectDomainName">-</Data>
    <Data Name="TargetUserName">jsmith</Data>
    <Data Name="TargetDomainName">CORP</Data>
    <Data Name="Status">0xC000006D</Data>
    <Data Name="FailureReason">%%2313</Data>
    <Data Name="LogonType">3</Data>
    <Data Name="IpAddress">203.0.113.77</Data>
    <Data Name="IpPort">51422</Data>
    </EventData>
  </Event>
  <Event xmlns="http://schemas.microsoft.com/win/2004/08/events/event">
    <System>
      <Provider Name="Microsoft-Windows-Security-Auditing" />
      <EventID>4625</EventID>
      <Version>1</Version>
      <Level>0</Level>
      <Task>0</Task>
      <Opcode>0</Opcode>
      <Keywords>0x8020000000000000</Keywords>
      <TimeCreated SystemTime="2026-06-14T02:11:40.0000000Z" />
      <EventRecordID>1004</EventRecordID>
      <Correlation />
      <Execution ProcessID="4" ThreadID="8" />
      <Channel>Security</Channel>
      <Computer>WKSTN-07</Computer>
      <Security />
    </System>
    <EventData>
    <Data Name="SubjectUserSid">S-1-0-0</Data>
    <Data Name="SubjectUserName">-</Data>
    <Data Name="SubjectDomainName">-</Data>
    <Data Name="TargetUserName">jsmith</Data>
    <Data Name="TargetDomainName">CORP</Data>
    <Data Name="Status">0xC000006D</Data>
    <Data Name="FailureReason">%%2313</Data>
    <Data Name="LogonType">3</Data>
    <Data Name="IpAddress">203.0.113.77</Data>
    <Data Name="IpPort">51422</Data>
    </EventData>
  </Event>
  <Event xmlns="http://schemas.microsoft.com/win/2004/08/events/event">
    <System>
      <Provider Name="Microsoft-Windows-Security-Auditing" />
      <EventID>4625</EventID>
      <Version>1</Version>
      <Level>0</Level>
      <Task>0</Task>
      <Opcode>0</Opcode>
      <Keywords>0x8020000000000000</Keywords>
      <TimeCreated SystemTime="2026-06-14T02:12:05.0000000Z" />
      <EventRecordID>1005</EventRecordID>
      <Correlation />
      <Execution ProcessID="4" ThreadID="8" />
      <Channel>Security</Channel>
      <Computer>WKSTN-07</Computer>
      <Security />
    </System>
    <EventData>
    <Data Name="SubjectUserSid">S-1-0-0</Data>
    <Data Name="SubjectUserName">-</Data>
    <Data Name="SubjectDomainName">-</Data>
    <Data Name="TargetUserName">jsmith</Data>
    <Data Name="TargetDomainName">CORP</Data>
    <Data Name="Status">0xC000006D</Data>
    <Data Name="FailureReason">%%2313</Data>
    <Data Name="LogonType">3</Data>
    <Data Name="IpAddress">203.0.113.77</Data>
    <Data Name="IpPort">51422</Data>
    </EventData>
  </Event>
  <Event xmlns="http://schemas.microsoft.com/win/2004/08/events/event">
    <System>
      <Provider Name="Microsoft-Windows-Security-Auditing" />
      <EventID>4625</EventID>
      <Version>1</Version>
      <Level>0</Level>
      <Task>0</Task>
      <Opcode>0</Opcode>
      <Keywords>0x8020000000000000</Keywords>
      <TimeCreated SystemTime="2026-06-14T02:12:30.0000000Z" />
      <EventRecordID>1006</EventRecordID>
      <Correlation />
      <Execution ProcessID="4" ThreadID="8" />
      <Channel>Security</Channel>
      <Computer>WKSTN-07</Computer>
      <Security />
    </System>
    <EventData>
    <Data Name="SubjectUserSid">S-1-0-0</Data>
    <Data Name="SubjectUserName">-</Data>
    <Data Name="SubjectDomainName">-</Data>
    <Data Name="TargetUserName">jsmith</Data>
    <Data Name="TargetDomainName">CORP</Data>
    <Data Name="Status">0xC000006D</Data>
    <Data Name="FailureReason">%%2313</Data>
    <Data Name="LogonType">3</Data>
    <Data Name="IpAddress">203.0.113.77</Data>
    <Data Name="IpPort">51422</Data>
    </EventData>
  </Event>
  <Event xmlns="http://schemas.microsoft.com/win/2004/08/events/event">
    <System>
      <Provider Name="Microsoft-Windows-Security-Auditing" />
      <EventID>4624</EventID>
      <Version>1</Version>
      <Level>0</Level>
      <Task>0</Task>
      <Opcode>0</Opcode>
      <Keywords>0x8020000000000000</Keywords>
      <TimeCreated SystemTime="2026-06-14T02:13:10.0000000Z" />
      <EventRecordID>1007</EventRecordID>
      <Correlation />
      <Execution ProcessID="4" ThreadID="8" />
      <Channel>Security</Channel>
      <Computer>WKSTN-07</Computer>
      <Security />
    </System>
    <EventData>
    <Data Name="SubjectUserSid">S-1-0-0</Data>
    <Data Name="SubjectUserName">-</Data>
    <Data Name="TargetUserSid">S-1-5-21-111-222-333-1105</Data>
    <Data Name="TargetUserName">jsmith</Data>
    <Data Name="TargetDomainName">CORP</Data>
    <Data Name="LogonType">3</Data>
    <Data Name="IpAddress">203.0.113.77</Data>
    <Data Name="IpPort">51430</Data>
    </EventData>
  </Event>
  <Event xmlns="http://schemas.microsoft.com/win/2004/08/events/event">
    <System>
      <Provider Name="Microsoft-Windows-Security-Auditing" />
      <EventID>4672</EventID>
      <Version>1</Version>
      <Level>0</Level>
      <Task>0</Task>
      <Opcode>0</Opcode>
      <Keywords>0x8020000000000000</Keywords>
      <TimeCreated SystemTime="2026-06-14T02:13:15.0000000Z" />
      <EventRecordID>1008</EventRecordID>
      <Correlation />
      <Execution ProcessID="4" ThreadID="8" />
      <Channel>Security</Channel>
      <Computer>WKSTN-07</Computer>
      <Security />
    </System>
    <EventData>
    <Data Name="SubjectUserSid">S-1-5-21-111-222-333-1105</Data>
    <Data Name="SubjectUserName">jsmith</Data>
    <Data Name="SubjectDomainName">CORP</Data>
    <Data Name="PrivilegeList">SeDebugPrivilege SeBackupPrivilege</Data>
    </EventData>
  </Event>
  <Event xmlns="http://schemas.microsoft.com/win/2004/08/events/event">
    <System>
      <Provider Name="Microsoft-Windows-Security-Auditing" />
      <EventID>4688</EventID>
      <Version>1</Version>
      <Level>0</Level>
      <Task>0</Task>
      <Opcode>0</Opcode>
      <Keywords>0x8020000000000000</Keywords>
      <TimeCreated SystemTime="2026-06-14T02:15:15.0000000Z" />
      <EventRecordID>1009</EventRecordID>
      <Correlation />
      <Execution ProcessID="4" ThreadID="8" />
      <Channel>Security</Channel>
      <Computer>WKSTN-07</Computer>
      <Security />
    </System>
    <EventData>
    <Data Name="SubjectUserName">jsmith</Data>
    <Data Name="SubjectDomainName">CORP</Data>
    <Data Name="NewProcessName">C:\Windows\System32\WindowsPowerShell\v1.0\powershell.exe</Data>
    <Data Name="ParentProcessName">C:\Windows\explorer.exe</Data>
    <Data Name="CommandLine">powershell.exe -NoP -W Hidden -Enc SQBFAFgAIAAoAE4AZQB3AC0ATwBiAGoAZQBjAHQAIABOAGUAdAAuAFcAZQBiAEMAbABpAGUAbgB0ACkALgBEAG8AdwBuAGwAbwBhAGQAUwB0AHIAaQBuAGcA</Data>
    </EventData>
  </Event>
  <Event xmlns="http://schemas.microsoft.com/win/2004/08/events/event">
    <System>
      <Provider Name="Microsoft-Windows-Security-Auditing" />
      <EventID>4720</EventID>
      <Version>1</Version>
      <Level>0</Level>
      <Task>0</Task>
      <Opcode>0</Opcode>
      <Keywords>0x8020000000000000</Keywords>
      <TimeCreated SystemTime="2026-06-14T02:15:35.0000000Z" />
      <EventRecordID>1010</EventRecordID>
      <Correlation />
      <Execution ProcessID="4" ThreadID="8" />
      <Channel>Security</Channel>
      <Computer>WKSTN-07</Computer>
      <Security />
    </System>
    <EventData>
    <Data Name="SubjectUserName">jsmith</Data>
    <Data Name="SubjectDomainName">CORP</Data>
    <Data Name="TargetUserName">svc_update</Data>
    <Data Name="TargetDomainName">WKSTN-07</Data>
    <Data Name="TargetSid">S-1-5-21-111-222-333-1106</Data>
    </EventData>
  </Event>
  <Event xmlns="http://schemas.microsoft.com/win/2004/08/events/event">
    <System>
      <Provider Name="Microsoft-Windows-Security-Auditing" />
      <EventID>4732</EventID>
      <Version>1</Version>
      <Level>0</Level>
      <Task>0</Task>
      <Opcode>0</Opcode>
      <Keywords>0x8020000000000000</Keywords>
      <TimeCreated SystemTime="2026-06-14T02:15:50.0000000Z" />
      <EventRecordID>1011</EventRecordID>
      <Correlation />
      <Execution ProcessID="4" ThreadID="8" />
      <Channel>Security</Channel>
      <Computer>WKSTN-07</Computer>
      <Security />
    </System>
    <EventData>
    <Data Name="SubjectUserName">jsmith</Data>
    <Data Name="SubjectDomainName">CORP</Data>
    <Data Name="MemberName">svc_update</Data>
    <Data Name="TargetGroupName">Administrators</Data>
    <Data Name="TargetDomainName">Builtin</Data>
    </EventData>
  </Event>
  <Event xmlns="http://schemas.microsoft.com/win/2004/08/events/event">
    <System>
      <Provider Name="Microsoft-Windows-Security-Auditing" />
      <EventID>4697</EventID>
      <Version>1</Version>
      <Level>0</Level>
      <Task>0</Task>
      <Opcode>0</Opcode>
      <Keywords>0x8020000000000000</Keywords>
      <TimeCreated SystemTime="2026-06-14T02:16:35.0000000Z" />
      <EventRecordID>1012</EventRecordID>
      <Correlation />
      <Execution ProcessID="4" ThreadID="8" />
      <Channel>Security</Channel>
      <Computer>WKSTN-07</Computer>
      <Security />
    </System>
    <EventData>
    <Data Name="SubjectUserName">svc_update</Data>
    <Data Name="SubjectDomainName">WKSTN-07</Data>
    <Data Name="ServiceName">WinUpdateHelper</Data>
    <Data Name="ServiceFileName">C:\Users\Public\svchost_update.exe</Data>
    </EventData>
  </Event>
  <Event xmlns="http://schemas.microsoft.com/win/2004/08/events/event">
    <System>
      <Provider Name="Microsoft-Windows-Security-Auditing" />
      <EventID>4698</EventID>
      <Version>1</Version>
      <Level>0</Level>
      <Task>0</Task>
      <Opcode>0</Opcode>
      <Keywords>0x8020000000000000</Keywords>
      <TimeCreated SystemTime="2026-06-14T02:17:05.0000000Z" />
      <EventRecordID>1013</EventRecordID>
      <Correlation />
      <Execution ProcessID="4" ThreadID="8" />
      <Channel>Security</Channel>
      <Computer>WKSTN-07</Computer>
      <Security />
    </System>
    <EventData>
    <Data Name="SubjectUserName">svc_update</Data>
    <Data Name="SubjectDomainName">WKSTN-07</Data>
    <Data Name="TaskName">\Microsoft\Windows\WinUpdateCheck</Data>
    </EventData>
  </Event>
  <Event xmlns="http://schemas.microsoft.com/win/2004/08/events/event">
    <System>
      <Provider Name="Microsoft-Windows-Security-Auditing" />
      <EventID>4648</EventID>
      <Version>1</Version>
      <Level>0</Level>
      <Task>0</Task>
      <Opcode>0</Opcode>
      <Keywords>0x8020000000000000</Keywords>
      <TimeCreated SystemTime="2026-06-14T02:20:05.0000000Z" />
      <EventRecordID>1014</EventRecordID>
      <Correlation />
      <Execution ProcessID="4" ThreadID="8" />
      <Channel>Security</Channel>
      <Computer>WKSTN-07</Computer>
      <Security />
    </System>
    <EventData>
    <Data Name="SubjectUserName">jsmith</Data>
    <Data Name="SubjectDomainName">CORP</Data>
    <Data Name="TargetUserName">administrator</Data>
    <Data Name="TargetServerName">SRV-DB01</Data>
    <Data Name="TargetInfo">SRV-DB01</Data>
    </EventData>
  </Event>
  <Event xmlns="http://schemas.microsoft.com/win/2004/08/events/event">
    <System>
      <Provider Name="Microsoft-Windows-Security-Auditing" />
      <EventID>4624</EventID>
      <Version>1</Version>
      <Level>0</Level>
      <Task>0</Task>
      <Opcode>0</Opcode>
      <Keywords>0x8020000000000000</Keywords>
      <TimeCreated SystemTime="2026-06-14T02:20:13.0000000Z" />
      <EventRecordID>1015</EventRecordID>
      <Correlation />
      <Execution ProcessID="4" ThreadID="8" />
      <Channel>Security</Channel>
      <Computer>SRV-DB01</Computer>
      <Security />
    </System>
    <EventData>
    <Data Name="SubjectUserSid">S-1-0-0</Data>
    <Data Name="TargetUserSid">S-1-5-21-999-888-777-500</Data>
    <Data Name="TargetUserName">administrator</Data>
    <Data Name="TargetDomainName">CORP</Data>
    <Data Name="LogonType">3</Data>
    <Data Name="IpAddress">10.10.20.15</Data>
    <Data Name="IpPort">51555</Data>
    </EventData>
  </Event>
  <Event xmlns="http://schemas.microsoft.com/win/2004/08/events/event">
    <System>
      <Provider Name="Microsoft-Windows-Security-Auditing" />
      <EventID>5140</EventID>
      <Version>1</Version>
      <Level>0</Level>
      <Task>0</Task>
      <Opcode>0</Opcode>
      <Keywords>0x8020000000000000</Keywords>
      <TimeCreated SystemTime="2026-06-14T02:20:25.0000000Z" />
      <EventRecordID>1016</EventRecordID>
      <Correlation />
      <Execution ProcessID="4" ThreadID="8" />
      <Channel>Security</Channel>
      <Computer>SRV-DB01</Computer>
      <Security />
    </System>
    <EventData>
    <Data Name="SubjectUserName">administrator</Data>
    <Data Name="SubjectDomainName">CORP</Data>
    <Data Name="ShareName">\\*\C$</Data>
    <Data Name="IpAddress">10.10.20.15</Data>
    </EventData>
  </Event>
  <Event xmlns="http://schemas.microsoft.com/win/2004/08/events/event">
    <System>
      <Provider Name="Microsoft-Windows-Eventlog" />
      <EventID>1102</EventID>
      <Version>1</Version>
      <Level>0</Level>
      <Task>0</Task>
      <Opcode>0</Opcode>
      <Keywords>0x8020000000000000</Keywords>
      <TimeCreated SystemTime="2026-06-14T02:21:25.0000000Z" />
      <EventRecordID>1017</EventRecordID>
      <Correlation />
      <Execution ProcessID="4" ThreadID="8" />
      <Channel>Security</Channel>
      <Computer>WKSTN-07</Computer>
      <Security />
    </System>
    <EventData>
    <Data Name="SubjectUserName">svc_update</Data>
    <Data Name="SubjectDomainName">WKSTN-07</Data>
    </EventData>
  </Event>
</Events>
